Arguments: 
  /home/apoorv/.nvm/versions/node/v16.11.0/bin/node /home/apoorv/.yarn/bin/yarn.js add web3js

PATH: 
  /home/apoorv/.cargo/bin:/home/apoorv/.yarn/bin:/home/apoorv/.config/yarn/global/node_modules/.bin:/home/apoorv/.nvm/versions/node/v16.11.0/bin:~/packages/bin:/home/apoorv/.deno/bin:~/packages/depot_tools:/home/apoorv/go/bin:/usr/local/go/bin:/usr/local/sbin:/usr/local/bin:/usr/sbin:/usr/bin:/sbin:/bin:/usr/games:/usr/local/games:/usr/lib/wsl/lib:/mnt/c/ProgramData/Oracle/Java/javapath:/mnt/c/Windows/system32:/mnt/c/Windows:/mnt/c/Windows/System32/Wbem:/mnt/c/Windows/System32/WindowsPowerShell/v1.0/:/mnt/c/Windows/System32/OpenSSH/:/mnt/c/Program Files (x86)/NVIDIA Corporation/PhysX/Common:/mnt/c/Program Files/NVIDIA Corporation/NVIDIA NvDLISR:/mnt/c/WINDOWS/system32:/mnt/c/WINDOWS:/mnt/c/WINDOWS/System32/Wbem:/mnt/c/WINDOWS/System32/WindowsPowerShell/v1.0/:/mnt/c/WINDOWS/System32/OpenSSH/:/mnt/c/Program Files (x86)/Calibre2/:/mnt/c/Program Files/nodejs/:/mnt/c/Program Files/dotnet/:/mnt/c/Program Files/Cloudflare/Cloudflare WARP/:/mnt/c/Users/Apoorv/AppData/Local/Microsoft/WindowsApps:/mnt/c/Users/Apoorv/AppData/Local/Programs/Microsoft VS Code Insiders/bin:/mnt/c/Users/Apoorv/AppData/Roaming/npm:/mnt/c/Users/Apoorv/AppData/Local/GitHubDesktop/bin:/mnt/f/Apps/WebStorm 2021.3/bin:/mnt/c/Users/Apoorv/AppData/Local/Programs/IPFS Desktop/resources/app.asar.unpacked/src/ipfs-on-path/scripts/bin-win:/mnt/c/Users/Apoorv/AppData/Local/Microsoft/WindowsApps:/home/apoorv/.local/bin

Yarn version: 
  1.22.17

Node version: 
  16.11.0

Platform: 
  linux x64

Trace: 
  Error: https://registry.yarnpkg.com/web3js: Not found
      at Request.params.callback [as _callback] (/home/apoorv/.yarn/lib/cli.js:67029:18)
      at Request.self.callback (/home/apoorv/.yarn/lib/cli.js:140883:22)
      at Request.emit (node:events:390:28)
      at Request.<anonymous> (/home/apoorv/.yarn/lib/cli.js:141855:10)
      at Request.emit (node:events:390:28)
      at IncomingMessage.<anonymous> (/home/apoorv/.yarn/lib/cli.js:141777:12)
      at Object.onceWrapper (node:events:509:28)
      at IncomingMessage.emit (node:events:402:35)
      at endReadableNT (node:internal/streams/readable:1343:12)
      at processTicksAndRejections (node:internal/process/task_queues:83:21)

npm manifest: 
  {
    "name": "market-sdk",
    "version": "1.0.0",
    "main": "index.js",
    "author": "Apoorv <apoorvsingal0@gmail.com>",
    "license": "MIT",
  
    "devDependencies": {
      "typescript": "^4.6.2"
    }
  }

yarn manifest: 
  No manifest

Lockfile: 
  # THIS IS AN AUTOGENERATED FILE. DO NOT EDIT THIS FILE DIRECTLY.
  # yarn lockfile v1
  
  
  typescript@^4.6.2:
    version "4.6.2"
    resolved "https://registry.yarnpkg.com/typescript/-/typescript-4.6.2.tgz#fe12d2727b708f4eef40f51598b3398baa9611d4"
    integrity sha512-HM/hFigTBHZhLXshn9sN37H085+hQGeJHJ/X7LpBWLID/fbc2acUMfU+lGD98X81sKP+pFa9f0DZmCwB9GnbAg==
